生成启动时间为 2021-02-07 15:51:37。
     1>项目“D:\ERJICYUYAN\xunhuan\xunhuan\xunhuan.vcxproj”在节点 2 上(build 个目标)。
     1>InitializeBuildStatus:
         正在创建“Debug\xunhuan.unsuccessfulbuild”，因为已指定“AlwaysCreate”。
       ClCompile:
         D:\vcjiajia\VC\bin\CL.exe /c /ZI /nologo /W3 /WX- /Od /Oy- /D WIN32 /D _DEBUG /D _CONSOLE /D _UNICODE /D UNICODE /Gm /EHsc /RTC1 /MDd /GS /fp:precise /Zc:wchar_t /Zc:forScope /Fo"Debug\\" /Fd"Debug\vc100.pdb" /Gd /TP /analyze- /errorReport:prompt xunhuan.cpp
         xunhuan.cpp
     1>d:\erjicyuyan\xunhuan\xunhuan\xunhuan.cpp(12): warning C4996: 'scanf': This function or variable may be unsafe. Consider using scanf_s instead. To disable deprecation, use _CRT_SECURE_NO_WARNINGS. See online help for details.
                 d:\vcjiajia\vc\include\stdio.h(304) : 参见“scanf”的声明
       ManifestResourceCompile:
         所有输出均为最新。
       Link:
         D:\vcjiajia\VC\bin\link.exe /ERRORREPORT:PROMPT /OUT:"D:\ERJICYUYAN\xunhuan\Debug\xunhuan.exe" /INCREMENTAL /NOLOGO kernel32.lib user32.lib gdi32.lib winspool.lib comdlg32.lib advapi32.lib shell32.lib ole32.lib oleaut32.lib uuid.lib odbc32.lib odbccp32.lib /MANIFEST /ManifestFile:"Debug\xunhuan.exe.intermediate.manifest" /MANIFESTUAC:"level='asInvoker' uiAccess='false'" /DEBUG /PDB:"D:\ERJICYUYAN\xunhuan\Debug\xunhuan.pdb" /SUBSYSTEM:CONSOLE /TLBID:1 /DYNAMICBASE /NXCOMPAT /IMPLIB:"D:\ERJICYUYAN\xunhuan\Debug\xunhuan.lib" /MACHINE:X86 Debug\xunhuan.exe.embed.manifest.res
         Debug\xunhuan.obj
       Manifest:
         C:\Program Files (x86)\Microsoft SDKs\Windows\v7.0A\bin\mt.exe /nologo /verbose /out:"Debug\xunhuan.exe.embed.manifest" /manifest Debug\xunhuan.exe.intermediate.manifest
         所有输出均为最新。
       LinkEmbedManifest:
         所有输出均为最新。
         xunhuan.vcxproj -> D:\ERJICYUYAN\xunhuan\Debug\xunhuan.exe
       FinalizeBuildStatus:
         正在删除文件“Debug\xunhuan.unsuccessfulbuild”。
         正在对“Debug\xunhuan.lastbuildstate”执行 Touch 任务。
     1>已完成生成项目“D:\ERJICYUYAN\xunhuan\xunhuan\xunhuan.vcxproj”(build 个目标)的操作。

生成成功。

已用时间 00:00:00.59
